<?xml version="1.0" encoding="UTF-8"?>
<testsuite name="com.interview.clevertiFeefo.StringNormalizerTests" tests="8" skipped="0" failures="0" errors="0" timestamp="2023-01-15T20:01:14" hostname="DESKTOP" time="0.335">
  <properties/>
  <testcase name="testChiefAccountantNormalize()" classname="com.interview.clevertiFeefo.StringNormalizerTests" time="0.309"/>
  <testcase name="testSeniorArchitectNormalize()" classname="com.interview.clevertiFeefo.StringNormalizerTests" time="0.002"/>
  <testcase name="testCEngineerNormalize()" classname="com.interview.clevertiFeefo.StringNormalizerTests" time="0.003"/>
  <testcase name="testAccountantNormalize()" classname="com.interview.clevertiFeefo.StringNormalizerTests" time="0.003"/>
  <testcase name="testSeniorQuantitySurveyorNormalize()" classname="com.interview.clevertiFeefo.StringNormalizerTests" time="0.002"/>
  <testcase name="testQuantitySurveyorNormalize()" classname="com.interview.clevertiFeefo.StringNormalizerTests" time="0.002"/>
  <testcase name="testArchitectNormalize()" classname="com.interview.clevertiFeefo.StringNormalizerTests" time="0.003"/>
  <testcase name="testJavaEngineerNormalize()" classname="com.interview.clevertiFeefo.StringNormalizerTests" time="0.003"/>
  <system-out><![CDATA[17:01:13.173 [Test worker] DEBUG org.springframework.test.context.BootstrapUtils - Instantiating CacheAwareContextLoaderDelegate from class [org.springframework.test.context.cache.DefaultCacheAwareContextLoaderDelegate]
17:01:13.182 [Test worker] DEBUG org.springframework.test.context.BootstrapUtils - Instantiating BootstrapContext using constructor [public org.springframework.test.context.support.DefaultBootstrapContext(java.lang.Class,org.springframework.test.context.CacheAwareContextLoaderDelegate)]
17:01:13.212 [Test worker] DEBUG org.springframework.test.context.BootstrapUtils - Instantiating TestContextBootstrapper for test class [com.interview.clevertiFeefo.StringNormalizerTests] from class [org.springframework.boot.test.context.SpringBootTestContextBootstrapper]
17:01:13.221 [Test worker] INFO org.springframework.boot.test.context.SpringBootTestContextBootstrapper - Neither @ContextConfiguration nor @ContextHierarchy found for test class [com.interview.clevertiFeefo.StringNormalizerTests], using SpringBootContextLoader
17:01:13.225 [Test worker] DEBUG org.springframework.test.context.support.AbstractContextLoader - Did not detect default resource location for test class [com.interview.clevertiFeefo.StringNormalizerTests]: class path resource [com/interview/clevertiFeefo/StringNormalizerTests-context.xml] does not exist
17:01:13.225 [Test worker] DEBUG org.springframework.test.context.support.AbstractContextLoader - Did not detect default resource location for test class [com.interview.clevertiFeefo.StringNormalizerTests]: class path resource [com/interview/clevertiFeefo/StringNormalizerTestsContext.groovy] does not exist
17:01:13.226 [Test worker] INFO org.springframework.test.context.support.AbstractContextLoader - Could not detect default resource locations for test class [com.interview.clevertiFeefo.StringNormalizerTests]: no resource found for suffixes {-context.xml, Context.groovy}.
17:01:13.226 [Test worker] INFO org.springframework.test.context.support.AnnotationConfigContextLoaderUtils - Could not detect default configuration classes for test class [com.interview.clevertiFeefo.StringNormalizerTests]: StringNormalizerTests does not declare any static, non-private, non-final, nested classes annotated with @Configuration.
17:01:13.269 [Test worker] DEBUG org.springframework.test.context.support.ActiveProfilesUtils - Could not find an 'annotation declaring class' for annotation type [org.springframework.test.context.ActiveProfiles] and class [com.interview.clevertiFeefo.StringNormalizerTests]
17:01:13.324 [Test worker] DEBUG org.springframework.context.annotation.ClassPathScanningCandidateComponentProvider - Identified candidate component class: file [E:\Usuarios\luizh\Downloads\clevertiFeefo\build\classes\java\main\com\interview\clevertiFeefo\ClevertiFeefoApplication.class]
17:01:13.325 [Test worker] INFO org.springframework.boot.test.context.SpringBootTestContextBootstrapper - Found @SpringBootConfiguration com.interview.clevertiFeefo.ClevertiFeefoApplication for test class com.interview.clevertiFeefo.StringNormalizerTests
17:01:13.415 [Test worker] DEBUG org.springframework.boot.test.context.SpringBootTestContextBootstrapper - @TestExecutionListeners is not present for class [com.interview.clevertiFeefo.StringNormalizerTests]: using defaults.
17:01:13.416 [Test worker] INFO org.springframework.boot.test.context.SpringBootTestContextBootstrapper - Loaded default TestExecutionListener class names from location [META-INF/spring.factories]: [org.springframework.boot.test.autoconfigure.restdocs.RestDocsTestExecutionListener, org.springframework.boot.test.autoconfigure.web.client.MockRestServiceServerResetTestExecutionListener, org.springframework.boot.test.autoconfigure.web.servlet.MockMvcPrintOnlyOnFailureTestExecutionListener, org.springframework.boot.test.autoconfigure.web.servlet.WebDriverTestExecutionListener, org.springframework.boot.test.autoconfigure.webservices.client.MockWebServiceServerTestExecutionListener, org.springframework.boot.test.mock.mockito.MockitoTestExecutionListener, org.springframework.boot.test.mock.mockito.ResetMocksTestExecutionListener, org.springframework.test.context.web.ServletTestExecutionListener, org.springframework.test.context.support.DirtiesContextBeforeModesTestExecutionListener, org.springframework.test.context.event.ApplicationEventsTestExecutionListener, org.springframework.test.context.support.DependencyInjectionTestExecutionListener, org.springframework.test.context.support.DirtiesContextTestExecutionListener, org.springframework.test.context.transaction.TransactionalTestExecutionListener, org.springframework.test.context.jdbc.SqlScriptsTestExecutionListener, org.springframework.test.context.event.EventPublishingTestExecutionListener]
17:01:13.423 [Test worker] DEBUG org.springframework.boot.test.context.SpringBootTestContextBootstrapper - Skipping candidate TestExecutionListener [org.springframework.test.context.web.ServletTestExecutionListener] due to a missing dependency. Specify custom listener classes or make the default listener classes and their required dependencies available. Offending class: [javax/servlet/ServletContext]
17:01:13.425 [Test worker] DEBUG org.springframework.boot.test.context.SpringBootTestContextBootstrapper - Skipping candidate TestExecutionListener [org.springframework.test.context.transaction.TransactionalTestExecutionListener] due to a missing dependency. Specify custom listener classes or make the default listener classes and their required dependencies available. Offending class: [org/springframework/transaction/interceptor/TransactionAttributeSource]
17:01:13.425 [Test worker] DEBUG org.springframework.boot.test.context.SpringBootTestContextBootstrapper - Skipping candidate TestExecutionListener [org.springframework.test.context.jdbc.SqlScriptsTestExecutionListener] due to a missing dependency. Specify custom listener classes or make the default listener classes and their required dependencies available. Offending class: [org/springframework/transaction/interceptor/TransactionAttribute]
17:01:13.425 [Test worker] INFO org.springframework.boot.test.context.SpringBootTestContextBootstrapper - Using TestExecutionListeners: [org.springframework.test.context.support.DirtiesContextBeforeModesTestExecutionListener@73393584, org.springframework.test.context.event.ApplicationEventsTestExecutionListener@31500940, org.springframework.boot.test.mock.mockito.MockitoTestExecutionListener@1827a871, org.springframework.boot.test.autoconfigure.SpringBootDependencyInjectionTestExecutionListener@48e64352, org.springframework.test.context.support.DirtiesContextTestExecutionListener@7249dadf, org.springframework.test.context.event.EventPublishingTestExecutionListener@4362d7df, org.springframework.boot.test.autoconfigure.restdocs.RestDocsTestExecutionListener@66238be2, org.springframework.boot.test.autoconfigure.web.client.MockRestServiceServerResetTestExecutionListener@1c25b8a7, org.springframework.boot.test.autoconfigure.web.servlet.MockMvcPrintOnlyOnFailureTestExecutionListener@200606de, org.springframework.boot.test.autoconfigure.web.servlet.WebDriverTestExecutionListener@750fe12e, org.springframework.boot.test.autoconfigure.webservices.client.MockWebServiceServerTestExecutionListener@f8908f6, org.springframework.boot.test.mock.mockito.ResetMocksTestExecutionListener@3e587920]
17:01:13.428 [Test worker] DEBUG org.springframework.test.context.support.AbstractDirtiesContextTestExecutionListener - Before test class: context [DefaultTestContext@425357dd testClass = StringNormalizerTests, testInstance = [null], testMethod = [null], testException = [null], mergedContextConfiguration = [MergedContextConfiguration@2102a4d5 testClass = StringNormalizerTests, locations = '{}', classes = '{class com.interview.clevertiFeefo.ClevertiFeefoApplication}', contextInitializerClasses = '[]', activeProfiles = '{}', propertySourceLocations = '{}', propertySourceProperties = '{org.springframework.boot.test.context.SpringBootTestContextBootstrapper=true}', contextCustomizers = set[org.springframework.boot.test.autoconfigure.actuate.metrics.MetricsExportContextCustomizerFactory$DisableMetricExportContextCustomizer@5a7005d, org.springframework.boot.test.autoconfigure.properties.PropertyMappingContextCustomizer@0, org.springframework.boot.test.autoconfigure.web.servlet.WebDriverContextCustomizerFactory$Customizer@72758afa, org.springframework.boot.test.context.filter.ExcludeFilterContextCustomizer@607fbe09, org.springframework.boot.test.json.DuplicateJsonObjectContextCustomizerFactory$DuplicateJsonObjectContextCustomizer@3382f8ae, org.springframework.boot.test.mock.mockito.MockitoContextCustomizer@0, org.springframework.boot.test.web.client.TestRestTemplateContextCustomizer@34997338, org.springframework.boot.test.context.SpringBootTestArgs@1, org.springframework.boot.test.context.SpringBootTestWebEnvironment@4bff7da0], contextLoader = 'org.springframework.boot.test.context.SpringBootContextLoader', parent = [null]], attributes = map[[empty]]], class annotated with @DirtiesContext [false] with mode [null].
17:01:13.438 [Test worker] DEBUG org.springframework.test.context.support.DependencyInjectionTestExecutionListener - Performing dependency injection for test context [[DefaultTestContext@425357dd testClass = StringNormalizerTests, testInstance = com.interview.clevertiFeefo.StringNormalizerTests@1d572e62, testMethod = [null], testException = [null], mergedContextConfiguration = [MergedContextConfiguration@2102a4d5 testClass = StringNormalizerTests, locations = '{}', classes = '{class com.interview.clevertiFeefo.ClevertiFeefoApplication}', contextInitializerClasses = '[]', activeProfiles = '{}', propertySourceLocations = '{}', propertySourceProperties = '{org.springframework.boot.test.context.SpringBootTestContextBootstrapper=true}', contextCustomizers = set[org.springframework.boot.test.autoconfigure.actuate.metrics.MetricsExportContextCustomizerFactory$DisableMetricExportContextCustomizer@5a7005d, org.springframework.boot.test.autoconfigure.properties.PropertyMappingContextCustomizer@0, org.springframework.boot.test.autoconfigure.web.servlet.WebDriverContextCustomizerFactory$Customizer@72758afa, org.springframework.boot.test.context.filter.ExcludeFilterContextCustomizer@607fbe09, org.springframework.boot.test.json.DuplicateJsonObjectContextCustomizerFactory$DuplicateJsonObjectContextCustomizer@3382f8ae, org.springframework.boot.test.mock.mockito.MockitoContextCustomizer@0, org.springframework.boot.test.web.client.TestRestTemplateContextCustomizer@34997338, org.springframework.boot.test.context.SpringBootTestArgs@1, org.springframework.boot.test.context.SpringBootTestWebEnvironment@4bff7da0], contextLoader = 'org.springframework.boot.test.context.SpringBootContextLoader', parent = [null]], attributes = map['org.springframework.test.context.event.ApplicationEventsTestExecutionListener.recordApplicationEvents' -> false]]].

  .   ____          _            __ _ _
 /\\ / ___'_ __ _ _(_)_ __  __ _ \ \ \ \
( ( )\___ | '_ | '_| | '_ \/ _` | \ \ \ \
 \\/  ___)| |_)| | | | | || (_| |  ) ) ) )
  '  |____| .__|_| |_|_| |_\__, | / / / /
 =========|_|==============|___/=/_/_/_/
 :: Spring Boot ::                (v2.7.7)

2023-01-15 17:01:13.690  INFO 14548 --- [    Test worker] c.i.clevertiFeefo.StringNormalizerTests  : Starting StringNormalizerTests using Java 11.0.17 on Desktop with PID 14548 (started by luizh in E:\Usuarios\luizh\Downloads\clevertiFeefo)
2023-01-15 17:01:13.692  INFO 14548 --- [    Test worker] c.i.clevertiFeefo.StringNormalizerTests  : No active profile set, falling back to 1 default profile: "default"
2023-01-15 17:01:14.177  INFO 14548 --- [    Test worker] c.i.clevertiFeefo.StringNormalizerTests  : Started StringNormalizerTests in 0.716 seconds (JVM running for 1.891)
]]></system-out>
  <system-err><![CDATA[]]></system-err>
</testsuite>
